2019-5-9 08:39:28 [http-nio-8080-exec-4] INFO [BaseInterceptor]:35 url--http://localhost:8080/login.html
2019-5-9 08:39:28 [http-nio-8080-exec-4] INFO [BaseInterceptor]:36 method--GET
2019-5-9 08:39:28 [http-nio-8080-exec-4] INFO [BaseInterceptor]:37 uri--/login.html
2019-5-9 08:39:42 [http-nio-8080-exec-6] INFO [BaseInterceptor]:35 url--http://localhost:8080/login.html
2019-5-9 08:39:42 [http-nio-8080-exec-6] INFO [BaseInterceptor]:36 method--GET
2019-5-9 08:39:42 [http-nio-8080-exec-6] INFO [BaseInterceptor]:37 uri--/login.html
2019-5-9 08:40:47 [http-nio-8080-exec-8] INFO [BaseInterceptor]:35 url--http://localhost:8080/login.html
2019-5-9 08:40:47 [http-nio-8080-exec-8] INFO [BaseInterceptor]:36 method--GET
2019-5-9 08:40:47 [http-nio-8080-exec-8] INFO [BaseInterceptor]:37 uri--/login.html
2019-5-9 08:41:21 [http-nio-8080-exec-10] INFO [BaseInterceptor]:35 url--http://localhost:8080/login.html
2019-5-9 08:41:21 [http-nio-8080-exec-10] INFO [BaseInterceptor]:36 method--GET
2019-5-9 08:41:21 [http-nio-8080-exec-10] INFO [BaseInterceptor]:37 uri--/login.html
2019-5-9 08:41:39 [http-nio-8080-exec-3] INFO [BaseInterceptor]:35 url--http://localhost:8080/login.html
2019-5-9 08:41:39 [http-nio-8080-exec-3] INFO [BaseInterceptor]:36 method--GET
2019-5-9 08:41:39 [http-nio-8080-exec-3] INFO [BaseInterceptor]:37 uri--/login.html
2019-5-9 08:42:03 [http-nio-8080-exec-5] INFO [BaseInterceptor]:35 url--http://localhost:8080/login.html
2019-5-9 08:42:03 [http-nio-8080-exec-5] INFO [BaseInterceptor]:36 method--GET
2019-5-9 08:42:03 [http-nio-8080-exec-5] INFO [BaseInterceptor]:37 uri--/login.html
2019-5-9 08:42:05 [http-nio-8080-exec-6] INFO [BaseInterceptor]:35 url--http://localhost:8080/login.html
2019-5-9 08:42:05 [http-nio-8080-exec-6] INFO [BaseInterceptor]:36 method--GET
2019-5-9 08:42:05 [http-nio-8080-exec-6] INFO [BaseInterceptor]:37 uri--/login.html
2019-5-9 08:42:29 [http-nio-8080-exec-7] INFO [BaseInterceptor]:35 url--http://localhost:8080/login.html
2019-5-9 08:42:29 [http-nio-8080-exec-7] INFO [BaseInterceptor]:36 method--GET
2019-5-9 08:42:29 [http-nio-8080-exec-7] INFO [BaseInterceptor]:37 uri--/login.html
2019-5-9 08:45:38 [http-nio-8080-exec-10] INFO [BaseInterceptor]:35 url--http://localhost:8080/login.html
2019-5-9 08:45:38 [http-nio-8080-exec-10] INFO [BaseInterceptor]:36 method--GET
2019-5-9 08:45:38 [http-nio-8080-exec-10] INFO [BaseInterceptor]:37 uri--/login.html
2019-5-9 08:46:01 [http-nio-8080-exec-3] INFO [BaseInterceptor]:35 url--http://localhost:8080/login.html
2019-5-9 08:46:01 [http-nio-8080-exec-3] INFO [BaseInterceptor]:36 method--GET
2019-5-9 08:46:01 [http-nio-8080-exec-3] INFO [BaseInterceptor]:37 uri--/login.html
2019-5-9 08:46:36 [http-nio-8080-exec-5] INFO [BaseInterceptor]:35 url--http://localhost:8080/login.html
2019-5-9 08:46:36 [http-nio-8080-exec-5] INFO [BaseInterceptor]:36 method--GET
2019-5-9 08:46:36 [http-nio-8080-exec-5] INFO [BaseInterceptor]:37 uri--/login.html
2019-5-9 08:49:56 [http-nio-8080-exec-7] INFO [BaseInterceptor]:35 url--http://localhost:8080/login.html
2019-5-9 08:49:56 [http-nio-8080-exec-7] INFO [BaseInterceptor]:36 method--GET
2019-5-9 08:49:56 [http-nio-8080-exec-7] INFO [BaseInterceptor]:37 uri--/login.html
2019-5-9 08:50:29 [http-nio-8080-exec-8] INFO [BaseInterceptor]:35 url--http://localhost:8080/login.html
2019-5-9 08:50:29 [http-nio-8080-exec-8] INFO [BaseInterceptor]:36 method--GET
2019-5-9 08:50:29 [http-nio-8080-exec-8] INFO [BaseInterceptor]:37 uri--/login.html
2019-5-9 08:51:33 [http-nio-8080-exec-3] INFO [BaseInterceptor]:35 url--http://localhost:8080/login.html
2019-5-9 08:51:33 [http-nio-8080-exec-3] INFO [BaseInterceptor]:36 method--GET
2019-5-9 08:51:33 [http-nio-8080-exec-3] INFO [BaseInterceptor]:37 uri--/login.html
2019-5-9 08:51:34 [http-nio-8080-exec-4] INFO [BaseInterceptor]:35 url--http://localhost:8080/login.html
2019-5-9 08:51:34 [http-nio-8080-exec-4] INFO [BaseInterceptor]:36 method--GET
2019-5-9 08:51:34 [http-nio-8080-exec-4] INFO [BaseInterceptor]:37 uri--/login.html
2019-5-9 08:53:55 [http-nio-8080-exec-9] INFO [BaseInterceptor]:35 url--http://localhost:8080/login.html
2019-5-9 08:53:55 [http-nio-8080-exec-9] INFO [BaseInterceptor]:36 method--GET
2019-5-9 08:53:55 [http-nio-8080-exec-9] INFO [BaseInterceptor]:37 uri--/login.html
2019-5-9 08:54:16 [http-nio-8080-exec-1] INFO [BaseInterceptor]:35 url--http://localhost:8080/login.html
2019-5-9 08:54:16 [http-nio-8080-exec-1] INFO [BaseInterceptor]:36 method--GET
2019-5-9 08:54:16 [http-nio-8080-exec-1] INFO [BaseInterceptor]:37 uri--/login.html
2019-5-9 08:54:40 [http-nio-8080-exec-10] INFO [BaseInterceptor]:35 url--http://localhost:8080/login.html
2019-5-9 08:54:40 [http-nio-8080-exec-10] INFO [BaseInterceptor]:36 method--GET
2019-5-9 08:54:40 [http-nio-8080-exec-10] INFO [BaseInterceptor]:37 uri--/login.html
2019-5-9 08:56:54 [http-nio-8080-exec-4] INFO [BaseInterceptor]:35 url--http://localhost:8080/login.html
2019-5-9 08:56:54 [http-nio-8080-exec-4] INFO [BaseInterceptor]:36 method--GET
2019-5-9 08:56:54 [http-nio-8080-exec-4] INFO [BaseInterceptor]:37 uri--/login.html
2019-5-9 08:57:50 [http-nio-8080-exec-6] INFO [BaseInterceptor]:35 url--http://localhost:8080/login.html
2019-5-9 08:57:50 [http-nio-8080-exec-6] INFO [BaseInterceptor]:36 method--GET
2019-5-9 08:57:50 [http-nio-8080-exec-6] INFO [BaseInterceptor]:37 uri--/login.html
2019-5-9 08:57:53 [http-nio-8080-exec-9] INFO [BaseInterceptor]:35 url--http://localhost:8080/login.html
2019-5-9 08:57:53 [http-nio-8080-exec-9] INFO [BaseInterceptor]:36 method--GET
2019-5-9 08:57:53 [http-nio-8080-exec-9] INFO [BaseInterceptor]:37 uri--/login.html
2019-5-9 09:20:47 [http-nio-8080-exec-8] INFO [BaseInterceptor]:35 url--http://localhost:8080/login.html
2019-5-9 09:20:47 [http-nio-8080-exec-8] INFO [BaseInterceptor]:36 method--GET
2019-5-9 09:20:47 [http-nio-8080-exec-8] INFO [BaseInterceptor]:37 uri--/login.html
2019-5-9 09:20:47 [http-nio-8080-exec-10] INFO [BaseInterceptor]:35 url--http://localhost:8080/css/layui.css
2019-5-9 09:20:47 [http-nio-8080-exec-10] INFO [BaseInterceptor]:36 method--GET
2019-5-9 09:20:47 [http-nio-8080-exec-2] INFO [BaseInterceptor]:35 url--http://localhost:8080/js/layui.js
2019-5-9 09:20:47 [http-nio-8080-exec-10] INFO [BaseInterceptor]:37 uri--/css/layui.css
2019-5-9 09:20:47 [http-nio-8080-exec-2] INFO [BaseInterceptor]:36 method--GET
2019-5-9 09:20:47 [http-nio-8080-exec-2] INFO [BaseInterceptor]:37 uri--/js/layui.js
2019-5-9 09:21:40 [http-nio-8080-exec-3] INFO [BaseInterceptor]:35 url--http://localhost:8080/login.html
2019-5-9 09:21:40 [http-nio-8080-exec-3] INFO [BaseInterceptor]:36 method--GET
2019-5-9 09:21:40 [http-nio-8080-exec-3] INFO [BaseInterceptor]:37 uri--/login.html
2019-5-9 09:21:40 [http-nio-8080-exec-4] INFO [BaseInterceptor]:35 url--http://localhost:8080/css/layui.css
2019-5-9 09:21:40 [http-nio-8080-exec-4] INFO [BaseInterceptor]:36 method--GET
2019-5-9 09:21:40 [http-nio-8080-exec-4] INFO [BaseInterceptor]:37 uri--/css/layui.css
2019-5-9 09:21:40 [http-nio-8080-exec-5] INFO [BaseInterceptor]:35 url--http://localhost:8080/js/layui.js
2019-5-9 09:21:40 [http-nio-8080-exec-5] INFO [BaseInterceptor]:36 method--GET
2019-5-9 09:21:40 [http-nio-8080-exec-5] INFO [BaseInterceptor]:37 uri--/js/layui.js
2019-5-9 09:25:49 [http-nio-8080-exec-7] INFO [BaseInterceptor]:35 url--http://localhost:8080/login.html
2019-5-9 09:25:49 [http-nio-8080-exec-7] INFO [BaseInterceptor]:36 method--GET
2019-5-9 09:25:49 [http-nio-8080-exec-7] INFO [BaseInterceptor]:37 uri--/login.html
2019-5-9 09:25:49 [http-nio-8080-exec-8] INFO [BaseInterceptor]:35 url--http://localhost:8080/js/layui.js
2019-5-9 09:25:49 [http-nio-8080-exec-8] INFO [BaseInterceptor]:36 method--GET
2019-5-9 09:25:49 [http-nio-8080-exec-8] INFO [BaseInterceptor]:37 uri--/js/layui.js
2019-5-9 09:25:49 [http-nio-8080-exec-1] INFO [BaseInterceptor]:35 url--http://localhost:8080/css/layui.css
2019-5-9 09:25:49 [http-nio-8080-exec-1] INFO [BaseInterceptor]:36 method--GET
2019-5-9 09:25:49 [http-nio-8080-exec-1] INFO [BaseInterceptor]:37 uri--/css/layui.css
2019-5-9 09:27:06 [http-nio-8080-exec-3] INFO [BaseInterceptor]:35 url--http://localhost:8080/login.html
2019-5-9 09:27:06 [http-nio-8080-exec-3] INFO [BaseInterceptor]:36 method--GET
2019-5-9 09:27:06 [http-nio-8080-exec-3] INFO [BaseInterceptor]:37 uri--/login.html
2019-5-9 09:27:06 [http-nio-8080-exec-4] INFO [BaseInterceptor]:35 url--http://localhost:8080/js/layui.js
2019-5-9 09:27:06 [http-nio-8080-exec-4] INFO [BaseInterceptor]:36 method--GET
2019-5-9 09:27:06 [http-nio-8080-exec-5] INFO [BaseInterceptor]:35 url--http://localhost:8080/css/layui.css
2019-5-9 09:27:06 [http-nio-8080-exec-4] INFO [BaseInterceptor]:37 uri--/js/layui.js
2019-5-9 09:27:06 [http-nio-8080-exec-5] INFO [BaseInterceptor]:36 method--GET
2019-5-9 09:27:06 [http-nio-8080-exec-5] INFO [BaseInterceptor]:37 uri--/css/layui.css
2019-5-9 09:32:55 [http-nio-8080-exec-7] INFO [BaseInterceptor]:35 url--http://localhost:8080/login.html
2019-5-9 09:32:55 [http-nio-8080-exec-7] INFO [BaseInterceptor]:36 method--GET
2019-5-9 09:32:55 [http-nio-8080-exec-7] INFO [BaseInterceptor]:37 uri--/login.html
2019-5-9 09:32:55 [http-nio-8080-exec-8] INFO [BaseInterceptor]:35 url--http://localhost:8080/css/layui.css
2019-5-9 09:32:55 [http-nio-8080-exec-1] INFO [BaseInterceptor]:35 url--http://localhost:8080/js/layui.js
2019-5-9 09:32:55 [http-nio-8080-exec-1] INFO [BaseInterceptor]:36 method--GET
2019-5-9 09:32:55 [http-nio-8080-exec-8] INFO [BaseInterceptor]:36 method--GET
2019-5-9 09:32:55 [http-nio-8080-exec-1] INFO [BaseInterceptor]:37 uri--/js/layui.js
2019-5-9 09:32:55 [http-nio-8080-exec-8] INFO [BaseInterceptor]:37 uri--/css/layui.css
2019-5-9 09:32:55 [http-nio-8080-exec-2] INFO [BaseInterceptor]:35 url--http://localhost:8080/js/lay/modules/element.js
2019-5-9 09:32:55 [http-nio-8080-exec-2] INFO [BaseInterceptor]:36 method--GET
2019-5-9 09:32:55 [http-nio-8080-exec-2] INFO [BaseInterceptor]:37 uri--/js/lay/modules/element.js
2019-5-9 09:32:55 [http-nio-8080-exec-2] INFO [BaseInterceptor]:35 url--http://localhost:8080/error
2019-5-9 09:32:55 [http-nio-8080-exec-2] INFO [BaseInterceptor]:36 method--GET
2019-5-9 09:32:55 [http-nio-8080-exec-2] INFO [BaseInterceptor]:37 uri--/error
2019-5-9 09:32:58 [http-nio-8080-exec-10] INFO [BaseInterceptor]:35 url--http://localhost:8080/login.html
2019-5-9 09:32:58 [http-nio-8080-exec-10] INFO [BaseInterceptor]:36 method--GET
2019-5-9 09:32:58 [http-nio-8080-exec-10] INFO [BaseInterceptor]:37 uri--/login.html
2019-5-9 09:32:58 [http-nio-8080-exec-4] INFO [BaseInterceptor]:35 url--http://localhost:8080/js/layui.js
2019-5-9 09:32:58 [http-nio-8080-exec-4] INFO [BaseInterceptor]:36 method--GET
2019-5-9 09:32:58 [http-nio-8080-exec-4] INFO [BaseInterceptor]:37 uri--/js/layui.js
2019-5-9 09:32:58 [http-nio-8080-exec-3] INFO [BaseInterceptor]:35 url--http://localhost:8080/css/layui.css
2019-5-9 09:32:58 [http-nio-8080-exec-3] INFO [BaseInterceptor]:36 method--GET
2019-5-9 09:32:58 [http-nio-8080-exec-3] INFO [BaseInterceptor]:37 uri--/css/layui.css
2019-5-9 09:32:58 [http-nio-8080-exec-5] INFO [BaseInterceptor]:35 url--http://localhost:8080/js/lay/modules/element.js
2019-5-9 09:32:58 [http-nio-8080-exec-5] INFO [BaseInterceptor]:36 method--GET
2019-5-9 09:32:58 [http-nio-8080-exec-5] INFO [BaseInterceptor]:37 uri--/js/lay/modules/element.js
2019-5-9 09:32:58 [http-nio-8080-exec-5] INFO [BaseInterceptor]:35 url--http://localhost:8080/error
2019-5-9 09:32:58 [http-nio-8080-exec-5] INFO [BaseInterceptor]:36 method--GET
2019-5-9 09:32:58 [http-nio-8080-exec-5] INFO [BaseInterceptor]:37 uri--/error
2019-5-9 09:32:59 [http-nio-8080-exec-6] INFO [BaseInterceptor]:35 url--http://localhost:8080/login.html
2019-5-9 09:32:59 [http-nio-8080-exec-6] INFO [BaseInterceptor]:36 method--GET
2019-5-9 09:32:59 [http-nio-8080-exec-6] INFO [BaseInterceptor]:37 uri--/login.html
2019-5-9 09:32:59 [http-nio-8080-exec-9] INFO [BaseInterceptor]:35 url--http://localhost:8080/css/layui.css
2019-5-9 09:32:59 [http-nio-8080-exec-9] INFO [BaseInterceptor]:36 method--GET
2019-5-9 09:32:59 [http-nio-8080-exec-9] INFO [BaseInterceptor]:37 uri--/css/layui.css
2019-5-9 09:32:59 [http-nio-8080-exec-7] INFO [BaseInterceptor]:35 url--http://localhost:8080/js/layui.js
2019-5-9 09:32:59 [http-nio-8080-exec-7] INFO [BaseInterceptor]:36 method--GET
2019-5-9 09:32:59 [http-nio-8080-exec-7] INFO [BaseInterceptor]:37 uri--/js/layui.js
2019-5-9 09:32:59 [http-nio-8080-exec-1] INFO [BaseInterceptor]:35 url--http://localhost:8080/js/lay/modules/element.js
2019-5-9 09:32:59 [http-nio-8080-exec-1] INFO [BaseInterceptor]:36 method--GET
2019-5-9 09:32:59 [http-nio-8080-exec-1] INFO [BaseInterceptor]:37 uri--/js/lay/modules/element.js
2019-5-9 09:32:59 [http-nio-8080-exec-1] INFO [BaseInterceptor]:35 url--http://localhost:8080/error
2019-5-9 09:32:59 [http-nio-8080-exec-1] INFO [BaseInterceptor]:36 method--GET
2019-5-9 09:32:59 [http-nio-8080-exec-1] INFO [BaseInterceptor]:37 uri--/error
2019-5-9 09:33:00 [http-nio-8080-exec-8] INFO [BaseInterceptor]:35 url--http://localhost:8080/login.html
2019-5-9 09:33:00 [http-nio-8080-exec-8] INFO [BaseInterceptor]:36 method--GET
2019-5-9 09:33:00 [http-nio-8080-exec-8] INFO [BaseInterceptor]:37 uri--/login.html
2019-5-9 09:33:00 [http-nio-8080-exec-2] INFO [BaseInterceptor]:35 url--http://localhost:8080/css/layui.css
2019-5-9 09:33:00 [http-nio-8080-exec-2] INFO [BaseInterceptor]:36 method--GET
2019-5-9 09:33:00 [http-nio-8080-exec-10] INFO [BaseInterceptor]:35 url--http://localhost:8080/js/layui.js
2019-5-9 09:33:00 [http-nio-8080-exec-2] INFO [BaseInterceptor]:37 uri--/css/layui.css
2019-5-9 09:33:00 [http-nio-8080-exec-10] INFO [BaseInterceptor]:36 method--GET
2019-5-9 09:33:00 [http-nio-8080-exec-10] INFO [BaseInterceptor]:37 uri--/js/layui.js
2019-5-9 09:33:00 [http-nio-8080-exec-4] INFO [BaseInterceptor]:35 url--http://localhost:8080/js/lay/modules/element.js
2019-5-9 09:33:00 [http-nio-8080-exec-4] INFO [BaseInterceptor]:36 method--GET
2019-5-9 09:33:00 [http-nio-8080-exec-4] INFO [BaseInterceptor]:37 uri--/js/lay/modules/element.js
2019-5-9 09:33:00 [http-nio-8080-exec-4] INFO [BaseInterceptor]:35 url--http://localhost:8080/error
2019-5-9 09:33:00 [http-nio-8080-exec-4] INFO [BaseInterceptor]:36 method--GET
2019-5-9 09:33:00 [http-nio-8080-exec-4] INFO [BaseInterceptor]:37 uri--/error
2019-5-9 09:33:00 [http-nio-8080-exec-3] INFO [BaseInterceptor]:35 url--http://localhost:8080/login.html
2019-5-9 09:33:00 [http-nio-8080-exec-3] INFO [BaseInterceptor]:36 method--GET
2019-5-9 09:33:00 [http-nio-8080-exec-3] INFO [BaseInterceptor]:37 uri--/login.html
2019-5-9 09:33:00 [http-nio-8080-exec-6] INFO [BaseInterceptor]:35 url--http://localhost:8080/js/layui.js
2019-5-9 09:33:00 [http-nio-8080-exec-5] INFO [BaseInterceptor]:35 url--http://localhost:8080/css/layui.css
2019-5-9 09:33:00 [http-nio-8080-exec-6] INFO [BaseInterceptor]:36 method--GET
2019-5-9 09:33:00 [http-nio-8080-exec-5] INFO [BaseInterceptor]:36 method--GET
2019-5-9 09:33:00 [http-nio-8080-exec-6] INFO [BaseInterceptor]:37 uri--/js/layui.js
2019-5-9 09:33:00 [http-nio-8080-exec-5] INFO [BaseInterceptor]:37 uri--/css/layui.css
2019-5-9 09:33:00 [http-nio-8080-exec-9] INFO [BaseInterceptor]:35 url--http://localhost:8080/js/lay/modules/element.js
2019-5-9 09:33:00 [http-nio-8080-exec-9] INFO [BaseInterceptor]:36 method--GET
2019-5-9 09:33:00 [http-nio-8080-exec-9] INFO [BaseInterceptor]:37 uri--/js/lay/modules/element.js
2019-5-9 09:33:00 [http-nio-8080-exec-9] INFO [BaseInterceptor]:35 url--http://localhost:8080/error
2019-5-9 09:33:00 [http-nio-8080-exec-9] INFO [BaseInterceptor]:36 method--GET
2019-5-9 09:33:00 [http-nio-8080-exec-9] INFO [BaseInterceptor]:37 uri--/error
2019-5-9 09:33:01 [http-nio-8080-exec-7] INFO [BaseInterceptor]:35 url--http://localhost:8080/login.html
2019-5-9 09:33:01 [http-nio-8080-exec-7] INFO [BaseInterceptor]:36 method--GET
2019-5-9 09:33:01 [http-nio-8080-exec-7] INFO [BaseInterceptor]:37 uri--/login.html
2019-5-9 09:33:01 [http-nio-8080-exec-1] INFO [BaseInterceptor]:35 url--http://localhost:8080/css/layui.css
2019-5-9 09:33:01 [http-nio-8080-exec-8] INFO [BaseInterceptor]:35 url--http://localhost:8080/js/layui.js
2019-5-9 09:33:01 [http-nio-8080-exec-1] INFO [BaseInterceptor]:36 method--GET
2019-5-9 09:33:01 [http-nio-8080-exec-8] INFO [BaseInterceptor]:36 method--GET
2019-5-9 09:33:01 [http-nio-8080-exec-1] INFO [BaseInterceptor]:37 uri--/css/layui.css
2019-5-9 09:33:01 [http-nio-8080-exec-8] INFO [BaseInterceptor]:37 uri--/js/layui.js
2019-5-9 09:33:01 [http-nio-8080-exec-10] INFO [BaseInterceptor]:35 url--http://localhost:8080/js/lay/modules/element.js
2019-5-9 09:33:01 [http-nio-8080-exec-10] INFO [BaseInterceptor]:36 method--GET
2019-5-9 09:33:01 [http-nio-8080-exec-10] INFO [BaseInterceptor]:37 uri--/js/lay/modules/element.js
2019-5-9 09:33:01 [http-nio-8080-exec-10] INFO [BaseInterceptor]:35 url--http://localhost:8080/error
2019-5-9 09:33:01 [http-nio-8080-exec-10] INFO [BaseInterceptor]:36 method--GET
2019-5-9 09:33:01 [http-nio-8080-exec-10] INFO [BaseInterceptor]:37 uri--/error
2019-5-9 09:33:01 [http-nio-8080-exec-2] INFO [BaseInterceptor]:35 url--http://localhost:8080/login.html
2019-5-9 09:33:01 [http-nio-8080-exec-2] INFO [BaseInterceptor]:36 method--GET
2019-5-9 09:33:01 [http-nio-8080-exec-2] INFO [BaseInterceptor]:37 uri--/login.html
2019-5-9 09:33:01 [http-nio-8080-exec-4] INFO [BaseInterceptor]:35 url--http://localhost:8080/css/layui.css
2019-5-9 09:33:01 [http-nio-8080-exec-4] INFO [BaseInterceptor]:36 method--GET
2019-5-9 09:33:01 [http-nio-8080-exec-4] INFO [BaseInterceptor]:37 uri--/css/layui.css
2019-5-9 09:33:01 [http-nio-8080-exec-3] INFO [BaseInterceptor]:35 url--http://localhost:8080/js/layui.js
2019-5-9 09:33:01 [http-nio-8080-exec-3] INFO [BaseInterceptor]:36 method--GET
2019-5-9 09:33:01 [http-nio-8080-exec-3] INFO [BaseInterceptor]:37 uri--/js/layui.js
2019-5-9 09:33:01 [http-nio-8080-exec-6] INFO [BaseInterceptor]:35 url--http://localhost:8080/js/lay/modules/element.js
2019-5-9 09:33:01 [http-nio-8080-exec-6] INFO [BaseInterceptor]:36 method--GET
2019-5-9 09:33:01 [http-nio-8080-exec-6] INFO [BaseInterceptor]:37 uri--/js/lay/modules/element.js
2019-5-9 09:33:01 [http-nio-8080-exec-6] INFO [BaseInterceptor]:35 url--http://localhost:8080/error
2019-5-9 09:33:01 [http-nio-8080-exec-6] INFO [BaseInterceptor]:36 method--GET
2019-5-9 09:33:01 [http-nio-8080-exec-6] INFO [BaseInterceptor]:37 uri--/error
2019-5-9 09:33:02 [http-nio-8080-exec-5] INFO [BaseInterceptor]:35 url--http://localhost:8080/login.html
2019-5-9 09:33:02 [http-nio-8080-exec-5] INFO [BaseInterceptor]:36 method--GET
2019-5-9 09:33:02 [http-nio-8080-exec-5] INFO [BaseInterceptor]:37 uri--/login.html
2019-5-9 09:33:02 [http-nio-8080-exec-7] INFO [BaseInterceptor]:35 url--http://localhost:8080/js/layui.js
2019-5-9 09:33:02 [http-nio-8080-exec-7] INFO [BaseInterceptor]:36 method--GET
2019-5-9 09:33:02 [http-nio-8080-exec-7] INFO [BaseInterceptor]:37 uri--/js/layui.js
2019-5-9 09:33:02 [http-nio-8080-exec-9] INFO [BaseInterceptor]:35 url--http://localhost:8080/css/layui.css
2019-5-9 09:33:02 [http-nio-8080-exec-9] INFO [BaseInterceptor]:36 method--GET
2019-5-9 09:33:02 [http-nio-8080-exec-9] INFO [BaseInterceptor]:37 uri--/css/layui.css
2019-5-9 09:33:02 [http-nio-8080-exec-1] INFO [BaseInterceptor]:35 url--http://localhost:8080/js/lay/modules/element.js
2019-5-9 09:33:02 [http-nio-8080-exec-1] INFO [BaseInterceptor]:36 method--GET
2019-5-9 09:33:02 [http-nio-8080-exec-1] INFO [BaseInterceptor]:37 uri--/js/lay/modules/element.js
2019-5-9 09:33:02 [http-nio-8080-exec-1] INFO [BaseInterceptor]:35 url--http://localhost:8080/error
2019-5-9 09:33:02 [http-nio-8080-exec-1] INFO [BaseInterceptor]:36 method--GET
2019-5-9 09:33:02 [http-nio-8080-exec-1] INFO [BaseInterceptor]:37 uri--/error
2019-5-9 09:33:03 [http-nio-8080-exec-8] INFO [BaseInterceptor]:35 url--http://localhost:8080/login.html
2019-5-9 09:33:03 [http-nio-8080-exec-8] INFO [BaseInterceptor]:36 method--GET
2019-5-9 09:33:03 [http-nio-8080-exec-8] INFO [BaseInterceptor]:37 uri--/login.html
2019-5-9 09:33:03 [http-nio-8080-exec-10] INFO [BaseInterceptor]:35 url--http://localhost:8080/css/layui.css
2019-5-9 09:33:03 [http-nio-8080-exec-2] INFO [BaseInterceptor]:35 url--http://localhost:8080/js/layui.js
2019-5-9 09:33:03 [http-nio-8080-exec-10] INFO [BaseInterceptor]:36 method--GET
2019-5-9 09:33:03 [http-nio-8080-exec-2] INFO [BaseInterceptor]:36 method--GET
2019-5-9 09:33:03 [http-nio-8080-exec-10] INFO [BaseInterceptor]:37 uri--/css/layui.css
2019-5-9 09:33:03 [http-nio-8080-exec-2] INFO [BaseInterceptor]:37 uri--/js/layui.js
2019-5-9 09:33:03 [http-nio-8080-exec-4] INFO [BaseInterceptor]:35 url--http://localhost:8080/js/lay/modules/element.js
2019-5-9 09:33:03 [http-nio-8080-exec-4] INFO [BaseInterceptor]:36 method--GET
2019-5-9 09:33:03 [http-nio-8080-exec-4] INFO [BaseInterceptor]:37 uri--/js/lay/modules/element.js
2019-5-9 09:33:03 [http-nio-8080-exec-4] INFO [BaseInterceptor]:35 url--http://localhost:8080/error
2019-5-9 09:33:03 [http-nio-8080-exec-4] INFO [BaseInterceptor]:36 method--GET
2019-5-9 09:33:03 [http-nio-8080-exec-4] INFO [BaseInterceptor]:37 uri--/error
2019-5-9 09:33:03 [http-nio-8080-exec-3] INFO [BaseInterceptor]:35 url--http://localhost:8080/login.html
2019-5-9 09:33:03 [http-nio-8080-exec-3] INFO [BaseInterceptor]:36 method--GET
2019-5-9 09:33:03 [http-nio-8080-exec-3] INFO [BaseInterceptor]:37 uri--/login.html
2019-5-9 09:33:03 [http-nio-8080-exec-6] INFO [BaseInterceptor]:35 url--http://localhost:8080/css/layui.css
2019-5-9 09:33:03 [http-nio-8080-exec-6] INFO [BaseInterceptor]:36 method--GET
2019-5-9 09:33:03 [http-nio-8080-exec-5] INFO [BaseInterceptor]:35 url--http://localhost:8080/js/layui.js
2019-5-9 09:33:03 [http-nio-8080-exec-6] INFO [BaseInterceptor]:37 uri--/css/layui.css
2019-5-9 09:33:03 [http-nio-8080-exec-5] INFO [BaseInterceptor]:36 method--GET
2019-5-9 09:33:03 [http-nio-8080-exec-5] INFO [BaseInterceptor]:37 uri--/js/layui.js
2019-5-9 09:33:03 [http-nio-8080-exec-7] INFO [BaseInterceptor]:35 url--http://localhost:8080/js/lay/modules/element.js
2019-5-9 09:33:03 [http-nio-8080-exec-7] INFO [BaseInterceptor]:36 method--GET
2019-5-9 09:33:03 [http-nio-8080-exec-7] INFO [BaseInterceptor]:37 uri--/js/lay/modules/element.js
2019-5-9 09:33:03 [http-nio-8080-exec-7] INFO [BaseInterceptor]:35 url--http://localhost:8080/error
2019-5-9 09:33:03 [http-nio-8080-exec-7] INFO [BaseInterceptor]:36 method--GET
2019-5-9 09:33:03 [http-nio-8080-exec-7] INFO [BaseInterceptor]:37 uri--/error
