2019-5-7 14:27:34 [main] INFO [MfbApplication]:50 Starting MfbApplication on DESKTOP-7OA23GB with PID 9144 (E:\ideaworkspace\mfb\target\classes started by machao0605 in E:\ideaworkspace\mfb)
2019-5-7 14:27:34 [main] INFO [MfbApplication]:675 No active profile set, falling back to default profiles: default
2019-5-7 14:27:34 [main] INFO [RepositoryConfigurationDelegate]:244 Multiple Spring Data modules found, entering strict repository configuration mode!
2019-5-7 14:27:34 [main] INFO [RepositoryConfigurationDelegate]:126 Bootstrapping Spring Data repositories in DEFAULT mode.
2019-5-7 14:27:34 [main] INFO [RepositoryConfigurationDelegate]:182 Finished Spring Data repository scanning in 60ms. Found 1 repository interfaces.
2019-5-7 14:27:35 [main] INFO [RepositoryConfigurationDelegate]:244 Multiple Spring Data modules found, entering strict repository configuration mode!
2019-5-7 14:27:35 [main] INFO [RepositoryConfigurationDelegate]:126 Bootstrapping Spring Data repositories in DEFAULT mode.
2019-5-7 14:27:35 [main] INFO [RepositoryConfigurationExtensionSupport]:363 Spring Data Redis - Could not safely identify store assignment for repository candidate interface com.mc.mfb.admin.dao.UserDao.
2019-5-7 14:27:35 [main] INFO [RepositoryConfigurationDelegate]:182 Finished Spring Data repository scanning in 12ms. Found 0 repository interfaces.
2019-5-7 14:27:35 [main] INFO [PostProcessorRegistrationDelegate$BeanPostProcessorChecker]:330 Bean 'org.springframework.transaction.annotation.ProxyTransactionManagementConfiguration' of type [org.springframework.transaction.annotation.ProxyTransactionManagementConfiguration$$EnhancerBySpringCGLIB$$54b62352] is not eligible for getting processed by all BeanPostProcessors (for example: not eligible for auto-proxying)
2019-5-7 14:27:35 [main] INFO [TomcatWebServer]:90 Tomcat initialized with port(s): 8080 (http)
2019-5-7 14:27:35 [main] INFO [Http11NioProtocol]:173 Initializing ProtocolHandler ["http-nio-8080"]
2019-5-7 14:27:35 [main] INFO [StandardService]:173 Starting service [Tomcat]
2019-5-7 14:27:35 [main] INFO [StandardEngine]:173 Starting Servlet engine: [Apache Tomcat/9.0.17]
2019-5-7 14:27:35 [main] INFO [[/]]:173 Initializing Spring embedded WebApplicationContext
2019-5-7 14:27:35 [main] INFO [ContextLoader]:296 Root WebApplicationContext: initialization completed in 1811 ms
2019-5-7 14:27:36 [main] INFO [DruidDataSourceAutoConfigure]:56 Init DruidDataSource
2019-5-7 14:27:36 [main] INFO [DruidDataSource]:928 {dataSource-1} inited
2019-5-7 14:27:36 [main] INFO [LogHelper]:31 HHH000204: Processing PersistenceUnitInfo [
	name: default
	...]
2019-5-7 14:27:36 [main] INFO [Version]:46 HHH000412: Hibernate Core {5.3.9.Final}
2019-5-7 14:27:36 [main] INFO [Environment]:213 HHH000206: hibernate.properties not found
2019-5-7 14:27:36 [main] INFO [Version]:49 HCANN000001: Hibernate Commons Annotations {5.0.4.Final}
2019-5-7 14:27:37 [main] INFO [Dialect]:157 HHH000400: Using dialect: org.hibernate.dialect.MySQL5Dialect
2019-5-7 14:27:38 [main] INFO [LocalContainerEntityManagerFactoryBean]:415 Initialized JPA EntityManagerFactory for persistence unit 'default'
2019-5-7 14:27:38 [main] INFO [ThreadPoolTaskExecutor]:171 Initializing ExecutorService 'applicationTaskExecutor'
2019-5-7 14:27:38 [main] WARN [JpaBaseConfiguration$JpaWebConfiguration$JpaWebMvcConfiguration]:237 spring.jpa.open-in-view is enabled by default. Therefore, database queries may be performed during view rendering. Explicitly configure spring.jpa.open-in-view to disable this warning
2019-5-7 14:27:39 [main] INFO [Http11NioProtocol]:173 Starting ProtocolHandler ["http-nio-8080"]
2019-5-7 14:27:39 [main] INFO [TomcatWebServer]:204 Tomcat started on port(s): 8080 (http) with context path ''
2019-5-7 14:27:39 [main] INFO [MfbApplication]:59 Started MfbApplication in 6.165 seconds (JVM running for 7.636)
2019-5-7 14:28:01 [main] INFO [MfbApplication]:50 Starting MfbApplication on DESKTOP-7OA23GB with PID 15036 (E:\ideaworkspace\mfb\target\classes started by machao0605 in E:\ideaworkspace\mfb)
2019-5-7 14:28:01 [main] INFO [MfbApplication]:675 No active profile set, falling back to default profiles: default
2019-5-7 14:28:02 [main] INFO [RepositoryConfigurationDelegate]:244 Multiple Spring Data modules found, entering strict repository configuration mode!
2019-5-7 14:28:02 [main] INFO [RepositoryConfigurationDelegate]:126 Bootstrapping Spring Data repositories in DEFAULT mode.
2019-5-7 14:28:02 [main] INFO [RepositoryConfigurationDelegate]:182 Finished Spring Data repository scanning in 54ms. Found 1 repository interfaces.
2019-5-7 14:28:02 [main] INFO [RepositoryConfigurationDelegate]:244 Multiple Spring Data modules found, entering strict repository configuration mode!
2019-5-7 14:28:02 [main] INFO [RepositoryConfigurationDelegate]:126 Bootstrapping Spring Data repositories in DEFAULT mode.
2019-5-7 14:28:02 [main] INFO [RepositoryConfigurationExtensionSupport]:363 Spring Data Redis - Could not safely identify store assignment for repository candidate interface com.mc.mfb.admin.dao.UserDao.
2019-5-7 14:28:02 [main] INFO [RepositoryConfigurationDelegate]:182 Finished Spring Data repository scanning in 12ms. Found 0 repository interfaces.
2019-5-7 14:28:02 [main] INFO [PostProcessorRegistrationDelegate$BeanPostProcessorChecker]:330 Bean 'org.springframework.transaction.annotation.ProxyTransactionManagementConfiguration' of type [org.springframework.transaction.annotation.ProxyTransactionManagementConfiguration$$EnhancerBySpringCGLIB$$284e0c33] is not eligible for getting processed by all BeanPostProcessors (for example: not eligible for auto-proxying)
2019-5-7 14:28:03 [main] INFO [TomcatWebServer]:90 Tomcat initialized with port(s): 8080 (http)
2019-5-7 14:28:03 [main] INFO [Http11NioProtocol]:173 Initializing ProtocolHandler ["http-nio-8080"]
2019-5-7 14:28:03 [main] INFO [StandardService]:173 Starting service [Tomcat]
2019-5-7 14:28:03 [main] INFO [StandardEngine]:173 Starting Servlet engine: [Apache Tomcat/9.0.17]
2019-5-7 14:28:03 [main] INFO [[/]]:173 Initializing Spring embedded WebApplicationContext
2019-5-7 14:28:03 [main] INFO [ContextLoader]:296 Root WebApplicationContext: initialization completed in 1888 ms
2019-5-7 14:28:03 [main] INFO [DruidDataSourceAutoConfigure]:56 Init DruidDataSource
2019-5-7 14:28:03 [main] INFO [DruidDataSource]:928 {dataSource-1} inited
2019-5-7 14:28:03 [main] INFO [LogHelper]:31 HHH000204: Processing PersistenceUnitInfo [
	name: default
	...]
2019-5-7 14:28:03 [main] INFO [Version]:46 HHH000412: Hibernate Core {5.3.9.Final}
2019-5-7 14:28:03 [main] INFO [Environment]:213 HHH000206: hibernate.properties not found
2019-5-7 14:28:04 [main] INFO [Version]:49 HCANN000001: Hibernate Commons Annotations {5.0.4.Final}
2019-5-7 14:28:04 [main] INFO [Dialect]:157 HHH000400: Using dialect: org.hibernate.dialect.MySQL5Dialect
2019-5-7 14:28:05 [main] INFO [LocalContainerEntityManagerFactoryBean]:415 Initialized JPA EntityManagerFactory for persistence unit 'default'
2019-5-7 14:28:05 [main] INFO [ThreadPoolTaskExecutor]:171 Initializing ExecutorService 'applicationTaskExecutor'
2019-5-7 14:28:05 [main] WARN [JpaBaseConfiguration$JpaWebConfiguration$JpaWebMvcConfiguration]:237 spring.jpa.open-in-view is enabled by default. Therefore, database queries may be performed during view rendering. Explicitly configure spring.jpa.open-in-view to disable this warning
2019-5-7 14:28:06 [main] INFO [Http11NioProtocol]:173 Starting ProtocolHandler ["http-nio-8080"]
2019-5-7 14:28:06 [main] INFO [TomcatWebServer]:204 Tomcat started on port(s): 8080 (http) with context path ''
2019-5-7 14:28:06 [main] INFO [MfbApplication]:59 Started MfbApplication in 5.482 seconds (JVM running for 6.854)
2019-5-7 14:28:10 [http-nio-8080-exec-3] INFO [[/]]:173 Initializing Spring DispatcherServlet 'dispatcherServlet'
2019-5-7 14:28:10 [http-nio-8080-exec-3] INFO [DispatcherServlet]:524 Initializing Servlet 'dispatcherServlet'
2019-5-7 14:28:10 [http-nio-8080-exec-3] INFO [DispatcherServlet]:546 Completed initialization in 8 ms
2019-5-7 14:28:10 [http-nio-8080-exec-3] INFO [BaseInterceptor]:35 url--http://localhost:8080/admin
2019-5-7 14:28:10 [http-nio-8080-exec-3] INFO [BaseInterceptor]:36 method--GET
2019-5-7 14:28:10 [http-nio-8080-exec-3] INFO [BaseInterceptor]:37 uri--/admin
2019-5-7 14:28:10 [http-nio-8080-exec-3] INFO [QueryTranslatorFactoryInitiator]:47 HHH000397: Using ASTQueryTranslatorFactory
2019-5-7 14:43:44 [main] INFO [MfbApplication]:50 Starting MfbApplication on DESKTOP-7OA23GB with PID 18568 (E:\ideaworkspace\mfb\target\classes started by machao0605 in E:\ideaworkspace\mfb)
2019-5-7 14:43:44 [main] INFO [MfbApplication]:675 No active profile set, falling back to default profiles: default
2019-5-7 14:43:44 [main] INFO [RepositoryConfigurationDelegate]:244 Multiple Spring Data modules found, entering strict repository configuration mode!
2019-5-7 14:43:44 [main] INFO [RepositoryConfigurationDelegate]:126 Bootstrapping Spring Data repositories in DEFAULT mode.
2019-5-7 14:43:44 [main] INFO [RepositoryConfigurationDelegate]:182 Finished Spring Data repository scanning in 57ms. Found 1 repository interfaces.
2019-5-7 14:43:45 [main] INFO [RepositoryConfigurationDelegate]:244 Multiple Spring Data modules found, entering strict repository configuration mode!
2019-5-7 14:43:45 [main] INFO [RepositoryConfigurationDelegate]:126 Bootstrapping Spring Data repositories in DEFAULT mode.
2019-5-7 14:43:45 [main] INFO [RepositoryConfigurationExtensionSupport]:363 Spring Data Redis - Could not safely identify store assignment for repository candidate interface com.mc.mfb.admin.dao.UserDao.
2019-5-7 14:43:45 [main] INFO [RepositoryConfigurationDelegate]:182 Finished Spring Data repository scanning in 12ms. Found 0 repository interfaces.
2019-5-7 14:43:45 [main] INFO [PostProcessorRegistrationDelegate$BeanPostProcessorChecker]:330 Bean 'org.springframework.transaction.annotation.ProxyTransactionManagementConfiguration' of type [org.springframework.transaction.annotation.ProxyTransactionManagementConfiguration$$EnhancerBySpringCGLIB$$798a8e94] is not eligible for getting processed by all BeanPostProcessors (for example: not eligible for auto-proxying)
2019-5-7 14:43:45 [main] INFO [TomcatWebServer]:90 Tomcat initialized with port(s): 8080 (http)
2019-5-7 14:43:45 [main] INFO [Http11NioProtocol]:173 Initializing ProtocolHandler ["http-nio-8080"]
2019-5-7 14:43:45 [main] INFO [StandardService]:173 Starting service [Tomcat]
2019-5-7 14:43:45 [main] INFO [StandardEngine]:173 Starting Servlet engine: [Apache Tomcat/9.0.17]
2019-5-7 14:43:47 [main] INFO [[/]]:173 Initializing Spring embedded WebApplicationContext
2019-5-7 14:43:47 [main] INFO [ContextLoader]:296 Root WebApplicationContext: initialization completed in 3033 ms
2019-5-7 14:43:47 [main] INFO [DruidDataSourceAutoConfigure]:56 Init DruidDataSource
2019-5-7 14:43:47 [main] INFO [DruidDataSource]:928 {dataSource-1} inited
2019-5-7 14:43:47 [main] INFO [LogHelper]:31 HHH000204: Processing PersistenceUnitInfo [
	name: default
	...]
2019-5-7 14:43:47 [main] INFO [Version]:46 HHH000412: Hibernate Core {5.3.9.Final}
2019-5-7 14:43:47 [main] INFO [Environment]:213 HHH000206: hibernate.properties not found
2019-5-7 14:43:48 [main] INFO [Version]:49 HCANN000001: Hibernate Commons Annotations {5.0.4.Final}
2019-5-7 14:43:48 [main] INFO [Dialect]:157 HHH000400: Using dialect: org.hibernate.dialect.MySQL5Dialect
2019-5-7 14:43:48 [main] INFO [LocalContainerEntityManagerFactoryBean]:415 Initialized JPA EntityManagerFactory for persistence unit 'default'
2019-5-7 14:43:49 [main] INFO [ThreadPoolTaskExecutor]:171 Initializing ExecutorService 'applicationTaskExecutor'
2019-5-7 14:43:49 [main] WARN [JpaBaseConfiguration$JpaWebConfiguration$JpaWebMvcConfiguration]:237 spring.jpa.open-in-view is enabled by default. Therefore, database queries may be performed during view rendering. Explicitly configure spring.jpa.open-in-view to disable this warning
2019-5-7 14:43:49 [main] INFO [Http11NioProtocol]:173 Starting ProtocolHandler ["http-nio-8080"]
2019-5-7 14:43:49 [main] INFO [TomcatWebServer]:204 Tomcat started on port(s): 8080 (http) with context path ''
2019-5-7 14:43:49 [main] INFO [MfbApplication]:59 Started MfbApplication in 6.166 seconds (JVM running for 19.325)
2019-5-7 15:03:36 [main] INFO [MfbApplication]:50 Starting MfbApplication on DESKTOP-7OA23GB with PID 4892 (E:\ideaworkspace\mfb\target\classes started by machao0605 in E:\ideaworkspace\mfb)
2019-5-7 15:03:36 [main] INFO [MfbApplication]:675 No active profile set, falling back to default profiles: default
2019-5-7 15:03:36 [main] INFO [RepositoryConfigurationDelegate]:244 Multiple Spring Data modules found, entering strict repository configuration mode!
2019-5-7 15:03:36 [main] INFO [RepositoryConfigurationDelegate]:126 Bootstrapping Spring Data repositories in DEFAULT mode.
2019-5-7 15:03:36 [main] INFO [RepositoryConfigurationDelegate]:182 Finished Spring Data repository scanning in 54ms. Found 1 repository interfaces.
2019-5-7 15:03:37 [main] INFO [RepositoryConfigurationDelegate]:244 Multiple Spring Data modules found, entering strict repository configuration mode!
2019-5-7 15:03:37 [main] INFO [RepositoryConfigurationDelegate]:126 Bootstrapping Spring Data repositories in DEFAULT mode.
2019-5-7 15:03:37 [main] INFO [RepositoryConfigurationExtensionSupport]:363 Spring Data Redis - Could not safely identify store assignment for repository candidate interface com.mc.mfb.admin.dao.UserDao.
2019-5-7 15:03:37 [main] INFO [RepositoryConfigurationDelegate]:182 Finished Spring Data repository scanning in 14ms. Found 0 repository interfaces.
2019-5-7 15:03:37 [main] INFO [PostProcessorRegistrationDelegate$BeanPostProcessorChecker]:330 Bean 'org.springframework.transaction.annotation.ProxyTransactionManagementConfiguration' of type [org.springframework.transaction.annotation.ProxyTransactionManagementConfiguration$$EnhancerBySpringCGLIB$$c2b372f8] is not eligible for getting processed by all BeanPostProcessors (for example: not eligible for auto-proxying)
2019-5-7 15:03:37 [main] INFO [TomcatWebServer]:90 Tomcat initialized with port(s): 8080 (http)
2019-5-7 15:03:37 [main] INFO [Http11NioProtocol]:173 Initializing ProtocolHandler ["http-nio-8080"]
2019-5-7 15:03:37 [main] INFO [StandardService]:173 Starting service [Tomcat]
2019-5-7 15:03:37 [main] INFO [StandardEngine]:173 Starting Servlet engine: [Apache Tomcat/9.0.17]
2019-5-7 15:03:38 [main] INFO [[/]]:173 Initializing Spring embedded WebApplicationContext
2019-5-7 15:03:38 [main] INFO [ContextLoader]:296 Root WebApplicationContext: initialization completed in 1901 ms
2019-5-7 15:03:38 [main] INFO [DruidDataSourceAutoConfigure]:56 Init DruidDataSource
2019-5-7 15:03:38 [main] INFO [DruidDataSource]:928 {dataSource-1} inited
2019-5-7 15:03:38 [main] INFO [LogHelper]:31 HHH000204: Processing PersistenceUnitInfo [
	name: default
	...]
2019-5-7 15:03:38 [main] INFO [Version]:46 HHH000412: Hibernate Core {5.3.9.Final}
2019-5-7 15:03:38 [main] INFO [Environment]:213 HHH000206: hibernate.properties not found
2019-5-7 15:03:38 [main] INFO [Version]:49 HCANN000001: Hibernate Commons Annotations {5.0.4.Final}
2019-5-7 15:03:38 [main] INFO [Dialect]:157 HHH000400: Using dialect: org.hibernate.dialect.MySQL5Dialect
2019-5-7 15:03:39 [main] INFO [LocalContainerEntityManagerFactoryBean]:415 Initialized JPA EntityManagerFactory for persistence unit 'default'
2019-5-7 15:03:40 [main] INFO [ThreadPoolTaskExecutor]:171 Initializing ExecutorService 'applicationTaskExecutor'
2019-5-7 15:03:40 [main] WARN [JpaBaseConfiguration$JpaWebConfiguration$JpaWebMvcConfiguration]:237 spring.jpa.open-in-view is enabled by default. Therefore, database queries may be performed during view rendering. Explicitly configure spring.jpa.open-in-view to disable this warning
2019-5-7 15:03:40 [main] INFO [Http11NioProtocol]:173 Starting ProtocolHandler ["http-nio-8080"]
2019-5-7 15:03:40 [main] INFO [TomcatWebServer]:204 Tomcat started on port(s): 8080 (http) with context path ''
2019-5-7 15:03:40 [main] INFO [MfbApplication]:59 Started MfbApplication in 5.517 seconds (JVM running for 6.931)
2019-5-7 15:03:45 [http-nio-8080-exec-3] INFO [[/]]:173 Initializing Spring DispatcherServlet 'dispatcherServlet'
2019-5-7 15:03:45 [http-nio-8080-exec-3] INFO [DispatcherServlet]:524 Initializing Servlet 'dispatcherServlet'
2019-5-7 15:03:45 [http-nio-8080-exec-3] INFO [DispatcherServlet]:546 Completed initialization in 8 ms
2019-5-7 15:03:45 [http-nio-8080-exec-3] INFO [BaseInterceptor]:35 url--http://localhost:8080/admin
2019-5-7 15:03:45 [http-nio-8080-exec-3] INFO [BaseInterceptor]:36 method--GET
2019-5-7 15:03:45 [http-nio-8080-exec-3] INFO [BaseInterceptor]:37 uri--/admin
2019-5-7 15:03:45 [http-nio-8080-exec-3] INFO [QueryTranslatorFactoryInitiator]:47 HHH000397: Using ASTQueryTranslatorFactory
2019-5-7 16:29:41 [main] INFO [MfbApplication]:50 Starting MfbApplication on DESKTOP-7OA23GB with PID 12464 (E:\ideaworkspace\mfb\target\classes started by machao0605 in E:\ideaworkspace\mfb)
2019-5-7 16:29:41 [main] INFO [MfbApplication]:675 No active profile set, falling back to default profiles: default
2019-5-7 16:29:47 [main] INFO [MfbApplication]:50 Starting MfbApplication on DESKTOP-7OA23GB with PID 8428 (E:\ideaworkspace\mfb\target\classes started by machao0605 in E:\ideaworkspace\mfb)
2019-5-7 16:29:47 [main] INFO [MfbApplication]:675 No active profile set, falling back to default profiles: default
2019-5-7 16:29:49 [main] INFO [RepositoryConfigurationDelegate]:244 Multiple Spring Data modules found, entering strict repository configuration mode!
2019-5-7 16:29:49 [main] INFO [RepositoryConfigurationDelegate]:126 Bootstrapping Spring Data repositories in DEFAULT mode.
2019-5-7 16:29:49 [main] INFO [RepositoryConfigurationDelegate]:182 Finished Spring Data repository scanning in 101ms. Found 1 repository interfaces.
2019-5-7 16:29:49 [main] INFO [RepositoryConfigurationDelegate]:244 Multiple Spring Data modules found, entering strict repository configuration mode!
2019-5-7 16:29:49 [main] INFO [RepositoryConfigurationDelegate]:126 Bootstrapping Spring Data repositories in DEFAULT mode.
2019-5-7 16:29:49 [main] INFO [RepositoryConfigurationExtensionSupport]:363 Spring Data Redis - Could not safely identify store assignment for repository candidate interface com.mc.mfb.admin.dao.UserDao.
2019-5-7 16:29:49 [main] INFO [RepositoryConfigurationDelegate]:182 Finished Spring Data repository scanning in 26ms. Found 0 repository interfaces.
2019-5-7 16:29:50 [main] INFO [PostProcessorRegistrationDelegate$BeanPostProcessorChecker]:330 Bean 'org.springframework.transaction.annotation.ProxyTransactionManagementConfiguration' of type [org.springframework.transaction.annotation.ProxyTransactionManagementConfiguration$$EnhancerBySpringCGLIB$$61bb6df0] is not eligible for getting processed by all BeanPostProcessors (for example: not eligible for auto-proxying)
2019-5-7 16:29:51 [main] INFO [TomcatWebServer]:90 Tomcat initialized with port(s): 8080 (http)
2019-5-7 16:29:51 [main] INFO [Http11NioProtocol]:173 Initializing ProtocolHandler ["http-nio-8080"]
2019-5-7 16:29:51 [main] INFO [StandardService]:173 Starting service [Tomcat]
2019-5-7 16:29:51 [main] INFO [StandardEngine]:173 Starting Servlet engine: [Apache Tomcat/9.0.17]
2019-5-7 16:29:51 [main] INFO [[/]]:173 Initializing Spring embedded WebApplicationContext
2019-5-7 16:29:51 [main] INFO [ContextLoader]:296 Root WebApplicationContext: initialization completed in 3735 ms
2019-5-7 16:29:51 [main] INFO [DruidDataSourceAutoConfigure]:56 Init DruidDataSource
2019-5-7 16:29:51 [main] INFO [DruidDataSource]:928 {dataSource-1} inited
2019-5-7 16:29:52 [main] INFO [LogHelper]:31 HHH000204: Processing PersistenceUnitInfo [
	name: default
	...]
2019-5-7 16:29:52 [main] INFO [Version]:46 HHH000412: Hibernate Core {5.3.9.Final}
2019-5-7 16:29:52 [main] INFO [Environment]:213 HHH000206: hibernate.properties not found
2019-5-7 16:29:52 [main] INFO [Version]:49 HCANN000001: Hibernate Commons Annotations {5.0.4.Final}
2019-5-7 16:29:52 [main] INFO [Dialect]:157 HHH000400: Using dialect: org.hibernate.dialect.MySQL5Dialect
2019-5-7 16:29:53 [main] INFO [LocalContainerEntityManagerFactoryBean]:415 Initialized JPA EntityManagerFactory for persistence unit 'default'
2019-5-7 16:29:53 [main] INFO [ThreadPoolTaskExecutor]:171 Initializing ExecutorService 'applicationTaskExecutor'
2019-5-7 16:29:54 [main] WARN [JpaBaseConfiguration$JpaWebConfiguration$JpaWebMvcConfiguration]:237 spring.jpa.open-in-view is enabled by default. Therefore, database queries may be performed during view rendering. Explicitly configure spring.jpa.open-in-view to disable this warning
2019-5-7 16:29:54 [main] INFO [Http11NioProtocol]:173 Starting ProtocolHandler ["http-nio-8080"]
2019-5-7 16:29:54 [main] INFO [TomcatWebServer]:204 Tomcat started on port(s): 8080 (http) with context path ''
2019-5-7 16:29:54 [main] INFO [MfbApplication]:59 Started MfbApplication in 8.001 seconds (JVM running for 10.475)
2019-5-7 16:30:23 [http-nio-8080-exec-2] INFO [[/]]:173 Initializing Spring DispatcherServlet 'dispatcherServlet'
2019-5-7 16:30:23 [http-nio-8080-exec-2] INFO [DispatcherServlet]:524 Initializing Servlet 'dispatcherServlet'
2019-5-7 16:30:23 [http-nio-8080-exec-2] INFO [DispatcherServlet]:546 Completed initialization in 8 ms
2019-5-7 16:30:23 [http-nio-8080-exec-2] INFO [BaseInterceptor]:35 url--http://localhost:8080/login
2019-5-7 16:30:23 [http-nio-8080-exec-2] INFO [BaseInterceptor]:36 method--GET
2019-5-7 16:30:23 [http-nio-8080-exec-2] INFO [BaseInterceptor]:37 uri--/login
2019-5-7 16:30:23 [http-nio-8080-exec-2] INFO [BaseInterceptor]:35 url--http://localhost:8080/error
2019-5-7 16:30:23 [http-nio-8080-exec-2] INFO [BaseInterceptor]:36 method--GET
2019-5-7 16:30:23 [http-nio-8080-exec-2] INFO [BaseInterceptor]:37 uri--/error
2019-5-7 16:30:29 [http-nio-8080-exec-1] INFO [BaseInterceptor]:35 url--http://localhost:8080/login.html
2019-5-7 16:30:29 [http-nio-8080-exec-1] INFO [BaseInterceptor]:36 method--GET
2019-5-7 16:30:29 [http-nio-8080-exec-1] INFO [BaseInterceptor]:37 uri--/login.html
2019-5-7 16:30:44 [http-nio-8080-exec-4] INFO [BaseInterceptor]:35 url--http://localhost:8080/reg.html
2019-5-7 16:30:44 [http-nio-8080-exec-4] INFO [BaseInterceptor]:36 method--GET
2019-5-7 16:30:44 [http-nio-8080-exec-4] INFO [BaseInterceptor]:37 uri--/reg.html
2019-5-7 16:30:44 [http-nio-8080-exec-4] INFO [BaseInterceptor]:35 url--http://localhost:8080/error
2019-5-7 16:30:44 [http-nio-8080-exec-4] INFO [BaseInterceptor]:36 method--GET
2019-5-7 16:30:44 [http-nio-8080-exec-4] INFO [BaseInterceptor]:37 uri--/error
2019-5-7 16:30:50 [http-nio-8080-exec-5] INFO [BaseInterceptor]:33 请求参数-- username: admin
2019-5-7 16:30:50 [http-nio-8080-exec-5] INFO [BaseInterceptor]:33 请求参数-- password: admin
2019-5-7 16:30:50 [http-nio-8080-exec-5] INFO [BaseInterceptor]:35 url--http://localhost:8080/auth/login
2019-5-7 16:30:50 [http-nio-8080-exec-5] INFO [BaseInterceptor]:36 method--POST
2019-5-7 16:30:50 [http-nio-8080-exec-5] INFO [BaseInterceptor]:37 uri--/auth/login
2019-5-7 16:30:50 [http-nio-8080-exec-5] INFO [BaseInterceptor]:33 请求参数-- username: admin
2019-5-7 16:30:50 [http-nio-8080-exec-5] INFO [BaseInterceptor]:33 请求参数-- password: admin
2019-5-7 16:30:50 [http-nio-8080-exec-5] INFO [BaseInterceptor]:35 url--http://localhost:8080/error
2019-5-7 16:30:50 [http-nio-8080-exec-5] INFO [BaseInterceptor]:36 method--POST
2019-5-7 16:30:50 [http-nio-8080-exec-5] INFO [BaseInterceptor]:37 uri--/error
2019-5-7 16:31:04 [http-nio-8080-exec-8] INFO [BaseInterceptor]:35 url--http://localhost:8080/login.html
2019-5-7 16:31:04 [http-nio-8080-exec-8] INFO [BaseInterceptor]:36 method--GET
2019-5-7 16:31:04 [http-nio-8080-exec-8] INFO [BaseInterceptor]:37 uri--/login.html
2019-5-7 16:33:44 [http-nio-8080-exec-10] INFO [BaseInterceptor]:35 url--http://localhost:8080/admin
2019-5-7 16:33:44 [http-nio-8080-exec-10] INFO [BaseInterceptor]:36 method--GET
2019-5-7 16:33:44 [http-nio-8080-exec-10] INFO [BaseInterceptor]:37 uri--/admin
2019-5-7 16:33:45 [http-nio-8080-exec-10] INFO [QueryTranslatorFactoryInitiator]:47 HHH000397: Using ASTQueryTranslatorFactory
2019-5-7 16:33:59 [http-nio-8080-exec-1] INFO [BaseInterceptor]:35 url--http://localhost:8080/login.html
2019-5-7 16:33:59 [http-nio-8080-exec-1] INFO [BaseInterceptor]:36 method--GET
2019-5-7 16:33:59 [http-nio-8080-exec-1] INFO [BaseInterceptor]:37 uri--/login.html
2019-5-7 16:34:28 [http-nio-8080-exec-4] INFO [BaseInterceptor]:35 url--http://localhost:8080/reg.html
2019-5-7 16:34:28 [http-nio-8080-exec-4] INFO [BaseInterceptor]:36 method--GET
2019-5-7 16:34:28 [http-nio-8080-exec-4] INFO [BaseInterceptor]:37 uri--/reg.html
2019-5-7 16:34:28 [http-nio-8080-exec-4] INFO [BaseInterceptor]:35 url--http://localhost:8080/error
2019-5-7 16:34:28 [http-nio-8080-exec-4] INFO [BaseInterceptor]:36 method--GET
2019-5-7 16:34:28 [http-nio-8080-exec-4] INFO [BaseInterceptor]:37 uri--/error
2019-5-7 16:36:28 [http-nio-8080-exec-8] INFO [BaseInterceptor]:35 url--http://localhost:8080/user/login
2019-5-7 16:36:28 [http-nio-8080-exec-8] INFO [BaseInterceptor]:36 method--GET
2019-5-7 16:36:28 [http-nio-8080-exec-8] INFO [BaseInterceptor]:37 uri--/user/login
2019-5-7 16:36:28 [http-nio-8080-exec-8] INFO [BaseInterceptor]:35 url--http://localhost:8080/error
2019-5-7 16:36:28 [http-nio-8080-exec-8] INFO [BaseInterceptor]:36 method--GET
2019-5-7 16:36:28 [http-nio-8080-exec-8] INFO [BaseInterceptor]:37 uri--/error
2019-5-7 16:45:27 [main] INFO [MfbApplication]:50 Starting MfbApplication on DESKTOP-7OA23GB with PID 5260 (E:\ideaworkspace\mfb\target\classes started by machao0605 in E:\ideaworkspace\mfb)
2019-5-7 16:45:27 [main] INFO [MfbApplication]:675 No active profile set, falling back to default profiles: default
2019-5-7 16:45:28 [main] INFO [RepositoryConfigurationDelegate]:244 Multiple Spring Data modules found, entering strict repository configuration mode!
2019-5-7 16:45:28 [main] INFO [RepositoryConfigurationDelegate]:126 Bootstrapping Spring Data repositories in DEFAULT mode.
2019-5-7 16:45:28 [main] INFO [RepositoryConfigurationDelegate]:182 Finished Spring Data repository scanning in 53ms. Found 1 repository interfaces.
2019-5-7 16:45:28 [main] INFO [RepositoryConfigurationDelegate]:244 Multiple Spring Data modules found, entering strict repository configuration mode!
2019-5-7 16:45:28 [main] INFO [RepositoryConfigurationDelegate]:126 Bootstrapping Spring Data repositories in DEFAULT mode.
2019-5-7 16:45:28 [main] INFO [RepositoryConfigurationExtensionSupport]:363 Spring Data Redis - Could not safely identify store assignment for repository candidate interface com.mc.mfb.admin.dao.UserDao.
2019-5-7 16:45:28 [main] INFO [RepositoryConfigurationDelegate]:182 Finished Spring Data repository scanning in 13ms. Found 0 repository interfaces.
2019-5-7 16:45:29 [main] INFO [PostProcessorRegistrationDelegate$BeanPostProcessorChecker]:330 Bean 'org.springframework.transaction.annotation.ProxyTransactionManagementConfiguration' of type [org.springframework.transaction.annotation.ProxyTransactionManagementConfiguration$$EnhancerBySpringCGLIB$$997ccdd2] is not eligible for getting processed by all BeanPostProcessors (for example: not eligible for auto-proxying)
2019-5-7 16:45:29 [main] INFO [TomcatWebServer]:90 Tomcat initialized with port(s): 8080 (http)
2019-5-7 16:45:29 [main] INFO [Http11NioProtocol]:173 Initializing ProtocolHandler ["http-nio-8080"]
2019-5-7 16:45:29 [main] INFO [StandardService]:173 Starting service [Tomcat]
2019-5-7 16:45:29 [main] INFO [StandardEngine]:173 Starting Servlet engine: [Apache Tomcat/9.0.17]
2019-5-7 16:45:29 [main] INFO [[/]]:173 Initializing Spring embedded WebApplicationContext
2019-5-7 16:45:29 [main] INFO [ContextLoader]:296 Root WebApplicationContext: initialization completed in 1753 ms
2019-5-7 16:45:29 [main] INFO [DruidDataSourceAutoConfigure]:56 Init DruidDataSource
2019-5-7 16:45:30 [main] INFO [DruidDataSource]:928 {dataSource-1} inited
2019-5-7 16:45:30 [main] INFO [LogHelper]:31 HHH000204: Processing PersistenceUnitInfo [
	name: default
	...]
2019-5-7 16:45:30 [main] INFO [Version]:46 HHH000412: Hibernate Core {5.3.9.Final}
2019-5-7 16:45:30 [main] INFO [Environment]:213 HHH000206: hibernate.properties not found
2019-5-7 16:45:30 [main] INFO [Version]:49 HCANN000001: Hibernate Commons Annotations {5.0.4.Final}
2019-5-7 16:45:30 [main] INFO [Dialect]:157 HHH000400: Using dialect: org.hibernate.dialect.MySQL5Dialect
2019-5-7 16:45:31 [main] INFO [LocalContainerEntityManagerFactoryBean]:415 Initialized JPA EntityManagerFactory for persistence unit 'default'
2019-5-7 16:45:32 [main] INFO [ThreadPoolTaskExecutor]:171 Initializing ExecutorService 'applicationTaskExecutor'
2019-5-7 16:45:32 [main] WARN [JpaBaseConfiguration$JpaWebConfiguration$JpaWebMvcConfiguration]:237 spring.jpa.open-in-view is enabled by default. Therefore, database queries may be performed during view rendering. Explicitly configure spring.jpa.open-in-view to disable this warning
2019-5-7 16:45:32 [main] INFO [Http11NioProtocol]:173 Starting ProtocolHandler ["http-nio-8080"]
2019-5-7 16:45:32 [main] INFO [TomcatWebServer]:204 Tomcat started on port(s): 8080 (http) with context path ''
2019-5-7 16:45:32 [main] INFO [MfbApplication]:59 Started MfbApplication in 5.545 seconds (JVM running for 6.932)
2019-5-7 16:46:07 [http-nio-8080-exec-1] INFO [[/]]:173 Initializing Spring DispatcherServlet 'dispatcherServlet'
2019-5-7 16:46:07 [http-nio-8080-exec-1] INFO [DispatcherServlet]:524 Initializing Servlet 'dispatcherServlet'
2019-5-7 16:46:07 [http-nio-8080-exec-1] INFO [DispatcherServlet]:546 Completed initialization in 9 ms
2019-5-7 16:46:07 [http-nio-8080-exec-1] INFO [BaseInterceptor]:35 url--http://localhost:8080/hiddenHtml/userIndex.html
2019-5-7 16:46:07 [http-nio-8080-exec-1] INFO [BaseInterceptor]:36 method--GET
2019-5-7 16:46:07 [http-nio-8080-exec-1] INFO [BaseInterceptor]:37 uri--/hiddenHtml/userIndex.html
2019-5-7 16:46:07 [http-nio-8080-exec-1] INFO [BaseInterceptor]:35 url--http://localhost:8080/error
2019-5-7 16:46:07 [http-nio-8080-exec-1] INFO [BaseInterceptor]:36 method--GET
2019-5-7 16:46:07 [http-nio-8080-exec-1] INFO [BaseInterceptor]:37 uri--/error
2019-5-7 16:50:51 [main] INFO [MfbApplication]:50 Starting MfbApplication on DESKTOP-7OA23GB with PID 7816 (E:\ideaworkspace\mfb\target\classes started by machao0605 in E:\ideaworkspace\mfb)
2019-5-7 16:50:51 [main] INFO [MfbApplication]:675 No active profile set, falling back to default profiles: default
2019-5-7 16:50:51 [main] INFO [RepositoryConfigurationDelegate]:244 Multiple Spring Data modules found, entering strict repository configuration mode!
2019-5-7 16:50:51 [main] INFO [RepositoryConfigurationDelegate]:126 Bootstrapping Spring Data repositories in DEFAULT mode.
2019-5-7 16:50:51 [main] INFO [RepositoryConfigurationDelegate]:182 Finished Spring Data repository scanning in 52ms. Found 1 repository interfaces.
2019-5-7 16:50:52 [main] INFO [RepositoryConfigurationDelegate]:244 Multiple Spring Data modules found, entering strict repository configuration mode!
2019-5-7 16:50:52 [main] INFO [RepositoryConfigurationDelegate]:126 Bootstrapping Spring Data repositories in DEFAULT mode.
2019-5-7 16:50:52 [main] INFO [RepositoryConfigurationExtensionSupport]:363 Spring Data Redis - Could not safely identify store assignment for repository candidate interface com.mc.mfb.admin.dao.UserDao.
2019-5-7 16:50:52 [main] INFO [RepositoryConfigurationDelegate]:182 Finished Spring Data repository scanning in 13ms. Found 0 repository interfaces.
2019-5-7 16:50:52 [main] INFO [PostProcessorRegistrationDelegate$BeanPostProcessorChecker]:330 Bean 'org.springframework.transaction.annotation.ProxyTransactionManagementConfiguration' of type [org.springframework.transaction.annotation.ProxyTransactionManagementConfiguration$$EnhancerBySpringCGLIB$$90e3937e] is not eligible for getting processed by all BeanPostProcessors (for example: not eligible for auto-proxying)
2019-5-7 16:50:52 [main] INFO [TomcatWebServer]:90 Tomcat initialized with port(s): 8080 (http)
2019-5-7 16:50:52 [main] INFO [Http11NioProtocol]:173 Initializing ProtocolHandler ["http-nio-8080"]
2019-5-7 16:50:52 [main] INFO [StandardService]:173 Starting service [Tomcat]
2019-5-7 16:50:52 [main] INFO [StandardEngine]:173 Starting Servlet engine: [Apache Tomcat/9.0.17]
2019-5-7 16:50:52 [main] INFO [[/]]:173 Initializing Spring embedded WebApplicationContext
2019-5-7 16:50:52 [main] INFO [ContextLoader]:296 Root WebApplicationContext: initialization completed in 1702 ms
2019-5-7 16:50:53 [main] INFO [DruidDataSourceAutoConfigure]:56 Init DruidDataSource
2019-5-7 16:50:53 [main] INFO [DruidDataSource]:928 {dataSource-1} inited
2019-5-7 16:50:53 [main] INFO [LogHelper]:31 HHH000204: Processing PersistenceUnitInfo [
	name: default
	...]
2019-5-7 16:50:53 [main] INFO [Version]:46 HHH000412: Hibernate Core {5.3.9.Final}
2019-5-7 16:50:53 [main] INFO [Environment]:213 HHH000206: hibernate.properties not found
2019-5-7 16:50:53 [main] INFO [Version]:49 HCANN000001: Hibernate Commons Annotations {5.0.4.Final}
2019-5-7 16:50:53 [main] INFO [Dialect]:157 HHH000400: Using dialect: org.hibernate.dialect.MySQL5Dialect
2019-5-7 16:50:54 [main] INFO [LocalContainerEntityManagerFactoryBean]:415 Initialized JPA EntityManagerFactory for persistence unit 'default'
2019-5-7 16:50:55 [main] INFO [ThreadPoolTaskExecutor]:171 Initializing ExecutorService 'applicationTaskExecutor'
2019-5-7 16:50:55 [main] WARN [JpaBaseConfiguration$JpaWebConfiguration$JpaWebMvcConfiguration]:237 spring.jpa.open-in-view is enabled by default. Therefore, database queries may be performed during view rendering. Explicitly configure spring.jpa.open-in-view to disable this warning
2019-5-7 16:50:55 [main] INFO [Http11NioProtocol]:173 Starting ProtocolHandler ["http-nio-8080"]
2019-5-7 16:50:55 [main] INFO [TomcatWebServer]:204 Tomcat started on port(s): 8080 (http) with context path ''
2019-5-7 16:50:55 [main] INFO [MfbApplication]:59 Started MfbApplication in 5.281 seconds (JVM running for 6.74)
2019-5-7 16:51:09 [http-nio-8080-exec-1] INFO [[/]]:173 Initializing Spring DispatcherServlet 'dispatcherServlet'
2019-5-7 16:51:09 [http-nio-8080-exec-1] INFO [DispatcherServlet]:524 Initializing Servlet 'dispatcherServlet'
2019-5-7 16:51:09 [http-nio-8080-exec-1] INFO [DispatcherServlet]:546 Completed initialization in 9 ms
2019-5-7 16:51:09 [http-nio-8080-exec-1] INFO [BaseInterceptor]:35 url--http://localhost:8080/login.html
2019-5-7 16:51:09 [http-nio-8080-exec-1] INFO [BaseInterceptor]:36 method--GET
2019-5-7 16:51:09 [http-nio-8080-exec-1] INFO [BaseInterceptor]:37 uri--/login.html
2019-5-7 16:51:09 [http-nio-8080-exec-3] INFO [BaseInterceptor]:35 url--http://localhost:8080/js/jquery-2.1.0.min.js
2019-5-7 16:51:09 [http-nio-8080-exec-3] INFO [BaseInterceptor]:36 method--GET
2019-5-7 16:51:09 [http-nio-8080-exec-3] INFO [BaseInterceptor]:37 uri--/js/jquery-2.1.0.min.js
2019-5-7 16:52:29 [main] INFO [MfbApplication]:50 Starting MfbApplication on DESKTOP-7OA23GB with PID 16768 (E:\ideaworkspace\mfb\target\classes started by machao0605 in E:\ideaworkspace\mfb)
2019-5-7 16:52:29 [main] INFO [MfbApplication]:675 No active profile set, falling back to default profiles: default
2019-5-7 16:52:29 [main] INFO [RepositoryConfigurationDelegate]:244 Multiple Spring Data modules found, entering strict repository configuration mode!
2019-5-7 16:52:29 [main] INFO [RepositoryConfigurationDelegate]:126 Bootstrapping Spring Data repositories in DEFAULT mode.
2019-5-7 16:52:30 [main] INFO [RepositoryConfigurationDelegate]:182 Finished Spring Data repository scanning in 106ms. Found 1 repository interfaces.
2019-5-7 16:52:30 [main] INFO [RepositoryConfigurationDelegate]:244 Multiple Spring Data modules found, entering strict repository configuration mode!
2019-5-7 16:52:30 [main] INFO [RepositoryConfigurationDelegate]:126 Bootstrapping Spring Data repositories in DEFAULT mode.
2019-5-7 16:52:30 [main] INFO [RepositoryConfigurationExtensionSupport]:363 Spring Data Redis - Could not safely identify store assignment for repository candidate interface com.mc.mfb.admin.dao.UserDao.
2019-5-7 16:52:30 [main] INFO [RepositoryConfigurationDelegate]:182 Finished Spring Data repository scanning in 25ms. Found 0 repository interfaces.
2019-5-7 16:52:31 [main] INFO [PostProcessorRegistrationDelegate$BeanPostProcessorChecker]:330 Bean 'org.springframework.transaction.annotation.ProxyTransactionManagementConfiguration' of type [org.springframework.transaction.annotation.ProxyTransactionManagementConfiguration$$EnhancerBySpringCGLIB$$88466806] is not eligible for getting processed by all BeanPostProcessors (for example: not eligible for auto-proxying)
2019-5-7 16:52:31 [main] INFO [TomcatWebServer]:90 Tomcat initialized with port(s): 8080 (http)
2019-5-7 16:52:31 [main] INFO [Http11NioProtocol]:173 Initializing ProtocolHandler ["http-nio-8080"]
2019-5-7 16:52:31 [main] INFO [StandardService]:173 Starting service [Tomcat]
2019-5-7 16:52:31 [main] INFO [StandardEngine]:173 Starting Servlet engine: [Apache Tomcat/9.0.17]
2019-5-7 16:52:31 [main] INFO [[/]]:173 Initializing Spring embedded WebApplicationContext
2019-5-7 16:52:31 [main] INFO [ContextLoader]:296 Root WebApplicationContext: initialization completed in 2459 ms
2019-5-7 16:52:31 [main] INFO [DruidDataSourceAutoConfigure]:56 Init DruidDataSource
2019-5-7 16:52:32 [main] INFO [DruidDataSource]:928 {dataSource-1} inited
2019-5-7 16:52:32 [main] INFO [LogHelper]:31 HHH000204: Processing PersistenceUnitInfo [
	name: default
	...]
2019-5-7 16:52:32 [main] INFO [Version]:46 HHH000412: Hibernate Core {5.3.9.Final}
2019-5-7 16:52:32 [main] INFO [Environment]:213 HHH000206: hibernate.properties not found
2019-5-7 16:52:32 [main] INFO [Version]:49 HCANN000001: Hibernate Commons Annotations {5.0.4.Final}
2019-5-7 16:52:32 [main] INFO [Dialect]:157 HHH000400: Using dialect: org.hibernate.dialect.MySQL5Dialect
2019-5-7 16:52:33 [main] INFO [LocalContainerEntityManagerFactoryBean]:415 Initialized JPA EntityManagerFactory for persistence unit 'default'
2019-5-7 16:52:34 [main] INFO [ThreadPoolTaskExecutor]:171 Initializing ExecutorService 'applicationTaskExecutor'
2019-5-7 16:52:34 [main] WARN [JpaBaseConfiguration$JpaWebConfiguration$JpaWebMvcConfiguration]:237 spring.jpa.open-in-view is enabled by default. Therefore, database queries may be performed during view rendering. Explicitly configure spring.jpa.open-in-view to disable this warning
2019-5-7 16:52:34 [main] INFO [Http11NioProtocol]:173 Starting ProtocolHandler ["http-nio-8080"]
2019-5-7 16:52:34 [main] INFO [TomcatWebServer]:204 Tomcat started on port(s): 8080 (http) with context path ''
2019-5-7 16:52:34 [main] INFO [MfbApplication]:59 Started MfbApplication in 6.452 seconds (JVM running for 7.975)
2019-5-7 16:52:38 [http-nio-8080-exec-2] INFO [[/]]:173 Initializing Spring DispatcherServlet 'dispatcherServlet'
2019-5-7 16:52:38 [http-nio-8080-exec-2] INFO [DispatcherServlet]:524 Initializing Servlet 'dispatcherServlet'
2019-5-7 16:52:38 [http-nio-8080-exec-2] INFO [DispatcherServlet]:546 Completed initialization in 8 ms
2019-5-7 16:52:38 [http-nio-8080-exec-2] INFO [BaseInterceptor]:35 url--http://localhost:8080/login.html
2019-5-7 16:52:38 [http-nio-8080-exec-2] INFO [BaseInterceptor]:36 method--GET
2019-5-7 16:52:38 [http-nio-8080-exec-2] INFO [BaseInterceptor]:37 uri--/login.html
2019-5-7 16:52:38 [http-nio-8080-exec-1] INFO [BaseInterceptor]:35 url--http://localhost:8080/js/jquery-2.1.0.min.js
2019-5-7 16:52:38 [http-nio-8080-exec-1] INFO [BaseInterceptor]:36 method--GET
2019-5-7 16:52:38 [http-nio-8080-exec-1] INFO [BaseInterceptor]:37 uri--/js/jquery-2.1.0.min.js
2019-5-7 16:55:08 [main] INFO [MfbApplication]:50 Starting MfbApplication on DESKTOP-7OA23GB with PID 13436 (E:\ideaworkspace\mfb\target\classes started by machao0605 in E:\ideaworkspace\mfb)
2019-5-7 16:55:08 [main] INFO [MfbApplication]:675 No active profile set, falling back to default profiles: default
2019-5-7 16:55:09 [main] INFO [RepositoryConfigurationDelegate]:244 Multiple Spring Data modules found, entering strict repository configuration mode!
2019-5-7 16:55:09 [main] INFO [RepositoryConfigurationDelegate]:126 Bootstrapping Spring Data repositories in DEFAULT mode.
2019-5-7 16:55:09 [main] INFO [RepositoryConfigurationDelegate]:182 Finished Spring Data repository scanning in 55ms. Found 1 repository interfaces.
2019-5-7 16:55:09 [main] INFO [RepositoryConfigurationDelegate]:244 Multiple Spring Data modules found, entering strict repository configuration mode!
2019-5-7 16:55:09 [main] INFO [RepositoryConfigurationDelegate]:126 Bootstrapping Spring Data repositories in DEFAULT mode.
2019-5-7 16:55:09 [main] INFO [RepositoryConfigurationExtensionSupport]:363 Spring Data Redis - Could not safely identify store assignment for repository candidate interface com.mc.mfb.admin.dao.UserDao.
2019-5-7 16:55:09 [main] INFO [RepositoryConfigurationDelegate]:182 Finished Spring Data repository scanning in 12ms. Found 0 repository interfaces.
2019-5-7 16:55:09 [main] INFO [PostProcessorRegistrationDelegate$BeanPostProcessorChecker]:330 Bean 'org.springframework.transaction.annotation.ProxyTransactionManagementConfiguration' of type [org.springframework.transaction.annotation.ProxyTransactionManagementConfiguration$$EnhancerBySpringCGLIB$$3dbe0e8c] is not eligible for getting processed by all BeanPostProcessors (for example: not eligible for auto-proxying)
2019-5-7 16:55:10 [main] INFO [TomcatWebServer]:90 Tomcat initialized with port(s): 8080 (http)
2019-5-7 16:55:10 [main] INFO [Http11NioProtocol]:173 Initializing ProtocolHandler ["http-nio-8080"]
2019-5-7 16:55:10 [main] INFO [StandardService]:173 Starting service [Tomcat]
2019-5-7 16:55:10 [main] INFO [StandardEngine]:173 Starting Servlet engine: [Apache Tomcat/9.0.17]
2019-5-7 16:55:10 [main] INFO [[/]]:173 Initializing Spring embedded WebApplicationContext
2019-5-7 16:55:10 [main] INFO [ContextLoader]:296 Root WebApplicationContext: initialization completed in 1839 ms
2019-5-7 16:55:10 [main] INFO [DruidDataSourceAutoConfigure]:56 Init DruidDataSource
2019-5-7 16:55:10 [main] INFO [DruidDataSource]:928 {dataSource-1} inited
2019-5-7 16:55:10 [main] INFO [LogHelper]:31 HHH000204: Processing PersistenceUnitInfo [
	name: default
	...]
2019-5-7 16:55:11 [main] INFO [Version]:46 HHH000412: Hibernate Core {5.3.9.Final}
2019-5-7 16:55:11 [main] INFO [Environment]:213 HHH000206: hibernate.properties not found
2019-5-7 16:55:11 [main] INFO [Version]:49 HCANN000001: Hibernate Commons Annotations {5.0.4.Final}
2019-5-7 16:55:11 [main] INFO [Dialect]:157 HHH000400: Using dialect: org.hibernate.dialect.MySQL5Dialect
2019-5-7 16:55:12 [main] INFO [LocalContainerEntityManagerFactoryBean]:415 Initialized JPA EntityManagerFactory for persistence unit 'default'
2019-5-7 16:55:12 [main] INFO [ThreadPoolTaskExecutor]:171 Initializing ExecutorService 'applicationTaskExecutor'
2019-5-7 16:55:12 [main] WARN [JpaBaseConfiguration$JpaWebConfiguration$JpaWebMvcConfiguration]:237 spring.jpa.open-in-view is enabled by default. Therefore, database queries may be performed during view rendering. Explicitly configure spring.jpa.open-in-view to disable this warning
2019-5-7 16:55:13 [main] INFO [Http11NioProtocol]:173 Starting ProtocolHandler ["http-nio-8080"]
2019-5-7 16:55:13 [main] INFO [TomcatWebServer]:204 Tomcat started on port(s): 8080 (http) with context path ''
2019-5-7 16:55:13 [main] INFO [MfbApplication]:59 Started MfbApplication in 5.662 seconds (JVM running for 6.992)
2019-5-7 16:55:27 [http-nio-8080-exec-2] INFO [[/]]:173 Initializing Spring DispatcherServlet 'dispatcherServlet'
2019-5-7 16:55:27 [http-nio-8080-exec-2] INFO [DispatcherServlet]:524 Initializing Servlet 'dispatcherServlet'
2019-5-7 16:55:27 [http-nio-8080-exec-2] INFO [DispatcherServlet]:546 Completed initialization in 8 ms
2019-5-7 16:55:27 [http-nio-8080-exec-2] INFO [BaseInterceptor]:35 url--http://localhost:8080/login.html
2019-5-7 16:55:27 [http-nio-8080-exec-2] INFO [BaseInterceptor]:36 method--GET
2019-5-7 16:55:27 [http-nio-8080-exec-2] INFO [BaseInterceptor]:37 uri--/login.html
2019-5-7 16:55:27 [http-nio-8080-exec-1] INFO [BaseInterceptor]:35 url--http://localhost:8080/js/jquery-2.1.0.min.js
2019-5-7 16:55:27 [http-nio-8080-exec-1] INFO [BaseInterceptor]:36 method--GET
2019-5-7 16:55:27 [http-nio-8080-exec-1] INFO [BaseInterceptor]:37 uri--/js/jquery-2.1.0.min.js
2019-5-7 16:56:22 [http-nio-8080-exec-6] INFO [BaseInterceptor]:35 url--http://localhost:8080/login.html
2019-5-7 16:56:22 [http-nio-8080-exec-6] INFO [BaseInterceptor]:36 method--GET
2019-5-7 16:56:22 [http-nio-8080-exec-6] INFO [BaseInterceptor]:37 uri--/login.html
2019-5-7 16:56:22 [http-nio-8080-exec-3] INFO [BaseInterceptor]:35 url--http://localhost:8080/js/jquery-2.1.0.min.js
2019-5-7 16:56:22 [http-nio-8080-exec-3] INFO [BaseInterceptor]:36 method--GET
2019-5-7 16:56:22 [http-nio-8080-exec-3] INFO [BaseInterceptor]:37 uri--/js/jquery-2.1.0.min.js
2019-5-7 16:56:29 [http-nio-8080-exec-7] INFO [BaseInterceptor]:35 url--http://localhost:8080/reg.html
2019-5-7 16:56:29 [http-nio-8080-exec-7] INFO [BaseInterceptor]:36 method--GET
2019-5-7 16:56:29 [http-nio-8080-exec-7] INFO [BaseInterceptor]:37 uri--/reg.html
2019-5-7 16:56:29 [http-nio-8080-exec-7] INFO [BaseInterceptor]:35 url--http://localhost:8080/error
2019-5-7 16:56:29 [http-nio-8080-exec-7] INFO [BaseInterceptor]:36 method--GET
2019-5-7 16:56:29 [http-nio-8080-exec-7] INFO [BaseInterceptor]:37 uri--/error
2019-5-7 16:56:31 [http-nio-8080-exec-5] INFO [BaseInterceptor]:35 url--http://localhost:8080/login.html
2019-5-7 16:56:31 [http-nio-8080-exec-5] INFO [BaseInterceptor]:36 method--GET
2019-5-7 16:56:31 [http-nio-8080-exec-5] INFO [BaseInterceptor]:37 uri--/login.html
2019-5-7 16:56:31 [http-nio-8080-exec-8] INFO [BaseInterceptor]:35 url--http://localhost:8080/js/jquery-2.1.0.min.js
2019-5-7 16:56:31 [http-nio-8080-exec-8] INFO [BaseInterceptor]:36 method--GET
2019-5-7 16:56:31 [http-nio-8080-exec-8] INFO [BaseInterceptor]:37 uri--/js/jquery-2.1.0.min.js
2019-5-7 16:56:42 [http-nio-8080-exec-10] INFO [BaseInterceptor]:35 url--http://localhost:8080/login.html
2019-5-7 16:56:42 [http-nio-8080-exec-10] INFO [BaseInterceptor]:36 method--GET
2019-5-7 16:56:42 [http-nio-8080-exec-10] INFO [BaseInterceptor]:37 uri--/login.html
2019-5-7 16:56:42 [http-nio-8080-exec-2] INFO [BaseInterceptor]:35 url--http://localhost:8080/js/jquery-2.1.0.min.js
2019-5-7 16:56:42 [http-nio-8080-exec-2] INFO [BaseInterceptor]:36 method--GET
2019-5-7 16:56:42 [http-nio-8080-exec-2] INFO [BaseInterceptor]:37 uri--/js/jquery-2.1.0.min.js
2019-5-7 17:02:27 [http-nio-8080-exec-6] INFO [BaseInterceptor]:35 url--http://localhost:8080/login.html
2019-5-7 17:02:27 [http-nio-8080-exec-6] INFO [BaseInterceptor]:36 method--GET
2019-5-7 17:02:27 [http-nio-8080-exec-6] INFO [BaseInterceptor]:37 uri--/login.html
2019-5-7 17:02:27 [http-nio-8080-exec-3] INFO [BaseInterceptor]:35 url--http://localhost:8080/js/jquery-2.1.0.min.js
2019-5-7 17:02:27 [http-nio-8080-exec-3] INFO [BaseInterceptor]:36 method--GET
2019-5-7 17:02:27 [http-nio-8080-exec-3] INFO [BaseInterceptor]:37 uri--/js/jquery-2.1.0.min.js
2019-5-7 17:02:35 [http-nio-8080-exec-7] INFO [BaseInterceptor]:35 url--http://localhost:8080/login.html
2019-5-7 17:02:35 [http-nio-8080-exec-7] INFO [BaseInterceptor]:36 method--GET
2019-5-7 17:02:35 [http-nio-8080-exec-7] INFO [BaseInterceptor]:37 uri--/login.html
